make.exe all --print-data-base --no-builtin-variables --no-builtin-rules --question
C:\Users\Aaron\esp\esp-idf/make/project.mk:114: *** IDF_PATH cannot contain colons. If overriding IDF_PATH on Windows, use MSYS Unix-style /c/dir instead of C:/dir.  Stop.

# GNU Make 4.3
# Built for Windows32
# Copyright (C) 1988-2020 Free Software Foundation, Inc.
# License GPLv3+: GNU GPL version 3 or later <http://gnu.org/licenses/gpl.html>
# This is free software: you are free to change and redistribute it.
# There is NO WARRANTY, to the extent permitted by law.

# Make data base, printed on Fri May 13 16:23:14 2022

# Variables

# environment
SYSTEMDRIVE = C:
# environment
LC_ALL = C
# makefile (from 'Makefile', line 6)
PROJECT_NAME := radio_poppa
# environment
USERPROFILE = C:\Users\Aaron
# makefile (from 'C:\Users\Aaron\esp\esp-idf/make/project.mk', line 89)
IDF_PATH := C:/Users/Aaron/esp/esp-idf
# environment
LOCALAPPDATA = C:\Users\Aaron\AppData\Local
# environment
VSCODE_IPC_HOOK_EXTHOST = \\.\pipe\vscode-ipc-abb54a8b-8161-469a-a398-e733a836f237-sock
# environment
VSCODE_CWD = C:\Windows\system32
# environment
CHOCOLATEYINSTALL = C:\ProgramData\chocolatey
# environment
SYSTEMROOT = C:\Windows
# environment
PROCESSOR_LEVEL = 6
# environment
PSMODULEPATH = C:\Program Files\WindowsPowerShell\Modules;C:\Windows\system32\WindowsPowerShell\v1.0\Modules
# default
MAKE_COMMAND := C:/ProgramData/chocolatey/lib/make/tools/install/bin/make.exe
# automatic
@D = $(patsubst %/,%,$(patsubst %\,%,$(dir $@)))
# environment
CHROME_CRASHPAD_PIPE_NAME = \\.\pipe\crashpad_3452_DKTCHSOFNCOKAMGV
# makefile (from 'C:\Users\Aaron\esp\esp-idf/make/project.mk', line 53)
NON_INTERACTIVE_TARGET = defconfig clean% %clean help list-components print_flash_cmd check_python_dependencies
# environment
VSCODE_HANDLES_UNCAUGHT_ERRORS = true
# default
.VARIABLES := 
# automatic
%D = $(patsubst %/,%,$(patsubst %\,%,$(dir $%)))
# automatic
^D = $(patsubst %/,%,$(patsubst %\,%,$(dir $^)))
# environment
VSCODE_LOG_STACK = false
# automatic
%F = $(notdir $%)
# environment
VSCODE_CODE_CACHE_PATH = C:\Users\Aaron\AppData\Roaming\Code\CachedData\da15b6fd3ef856477bf6f4fb29ba1b7af717770d
# environment
LANG = C
# default
.LOADED := 
# environment
TMP = C:\Users\Aaron\AppData\Local\Temp
# default
.INCLUDE_DIRS = .
# environment
PROCESSOR_ARCHITEW6432 = AMD64
# makefile
MAKEFLAGS = pqrR
# environment
ONEDRIVE = C:\Users\Aaron\OneDrive
# makefile
CURDIR := c:/Users/Aaron/Workspace/esp32/grandpas-radio
# environment
VSCODE_PIPE_LOGGING = true
# environment
APPLICATION_INSIGHTS_NO_DIAGNOSTIC_CHANNEL = 1
# automatic
*D = $(patsubst %/,%,$(patsubst %\,%,$(dir $*)))
# environment
PROGRAMFILES = C:\Program Files (x86)
# environment
MFLAGS = -pqrR
# default
.SHELLFLAGS := -c
# environment
COMMONPROGRAMW6432 = C:\Program Files\Common Files
# automatic
+D = $(patsubst %/,%,$(patsubst %\,%,$(dir $+)))
# makefile (from 'C:\Users\Aaron\esp\esp-idf/make/project.mk', line 1)
MAKEFILE_LIST := Makefile C:\Users\Aaron\esp\esp-idf/make/project.mk
# automatic
@F = $(notdir $@)
# environment
VSCODE_VERBOSE_LOGGING = true
# environment
VSCODE_PID = 3452
# makefile (from 'C:\Users\Aaron\esp\esp-idf/make/project.mk', line 84)
SANITISED_IDF_PATH := C:/Users/Aaron/esp/esp-idf
# automatic
?D = $(patsubst %/,%,$(patsubst %\,%,$(dir $?)))
# automatic
*F = $(notdir $*)
# automatic
<D = $(patsubst %/,%,$(patsubst %\,%,$(dir $<)))
# environment
VSCODE_NLS_CONFIG = {"locale":"en-us","availableLanguages":{},"_languagePackSupport":true}
# environment
ONEDRIVECONSUMER = C:\Users\Aaron\OneDrive
# default
MAKE_HOST := Windows32
# environment
PROGRAMDATA = C:\ProgramData
# default
SHELL := sh.exe
# environment
HOMEPATH = \Users\Aaron
# default
MAKECMDGOALS := all
# environment
DRIVERDATA = C:\Windows\System32\Drivers\DriverData
# environment
COMSPEC = C:\Windows\system32\cmd.exe
# environment
WINDIR = C:\Windows
# environment
MAKELEVEL := 0
# default
MAKE = $(MAKE_COMMAND)
# environment
PATH = C:\Python310\Scripts\;C:\Python310\;C:\Windows\system32;C:\Windows;C:\Windows\System32\Wbem;C:\Windows\System32\WindowsPowerShell\v1.0\;C:\Windows\System32\OpenSSH\;C:\Program Files (x86)\NVIDIA Corporation\PhysX\Common;C:\Program Files\NVIDIA Corporation\NVIDIA NvDLISR;C:\Program Files\dotnet\;C:\Program Files\Git\cmd;C:\Program Files\nodejs\;C:\ProgramData\chocolatey\bin;C:\Users\Aaron\AppData\Local\Microsoft\WindowsApps;C:\Users\Aaron\AppData\Local\Programs\Microsoft VS Code\bin;C:\Users\Aaron\AppData\Roaming\npm;C:\Users\Aaron\.dotnet\tools;
# environment
ZES_ENABLE_SYSMAN = 1
# environment
COMPUTERNAME = XPS17
# default
MAKEFILES := 
# automatic
^F = $(notdir $^)
# environment
PROMPT = $P$G
# environment
CHOCOLATEYLASTPATHUPDATE = 132937559563095460
# environment
LOGONSERVER = \\XPS17
# environment
VSCODE_LOG_NATIVE = false
# environment
USERNAME = Aaron
# environment
COMMONPROGRAMFILES = C:\Program Files (x86)\Common Files
# automatic
?F = $(notdir $?)
# environment
PROGRAMW6432 = C:\Program Files
# environment
PATHEXT = .COM;.EXE;.BAT;.CMD;.VBS;.VBE;.JS;.JSE;.WSF;.WSH;.MSC;.PY;.PYW
# automatic
+F = $(notdir $+)
# environment
ORIGINAL_XDG_CURRENT_DESKTOP = undefined
# environment
USERDOMAIN = XPS17
# environment
GNUMAKEFLAGS := 
# environment
OS = Windows_NT
# environment
__COMPAT_LAYER = DetectorsAppHealth
# makefile
.DEFAULT_GOAL := all
# default
MAKE_VERSION := 4.3
# environment
PROGRAMFILES(X86) = C:\Program Files (x86)
# makefile (from 'C:\Users\Aaron\esp\esp-idf/make/project.mk', line 100)
IDF_TARGET := esp32
# environment
USERDOMAIN_ROAMINGPROFILE = XPS17
# environment
NUMBER_OF_PROCESSORS = 16
# environment
PUBLIC = C:\Users\Public
# environment
APPDATA = C:\Users\Aaron\AppData\Roaming
# environment
HOMEDRIVE = C:
# environment
PROCESSOR_ARCHITECTURE = x86
# environment
VSCODE_AMD_ENTRYPOINT = vs/workbench/api/node/extensionHostProcess
# environment
COMMONPROGRAMFILES(X86) = C:\Program Files (x86)\Common Files
# environment
ELECTRON_RUN_AS_NODE = 1
# environment
TEMP = C:\Users\Aaron\AppData\Local\Temp
# environment
VSCODE_IPC_HOOK = \\.\pipe\7d0984e4e2169d5e1e4791f5d06f0681-1.67.1-main-sock
# default
.RECIPEPREFIX := 
# automatic
<F = $(notdir $<)
# default
SUFFIXES := 
# environment
ALLUSERSPROFILE = C:\ProgramData
# environment
SESSIONNAME = Console
# default
.FEATURES := target-specific order-only second-expansion else-if shortest-stem undefine oneshell nocomment grouped-target extra-prereqs archives jobserver output-sync load
# environment
PROCESSOR_REVISION = 8d01
# environment
CHOCOLATEYTOOLSLOCATION = C:\tools
# environment
PROCESSOR_IDENTIFIER = Intel64 Family 6 Model 141 Stepping 1, GenuineIntel
# variable set hash-table stats:
# Load=103/1024=10%, Rehash=0, Collisions=8/133=6%

# Pattern-specific Variable Values

# No pattern-specific variable values.

# Directories

# . (key c:/Users/Aaron/Workspace/esp32/grandpas-radio, mtime 1652476846): 14 files, no impossibilities.

# 14 files, no impossibilities in 1 directories.

# Implicit Rules

# No implicit rules.

# Files

# Not a target:
build-components:
#  Implicit rule search has not been done.
#  Modification time never checked.
#  File has not been updated.

# Not a target:
all_binaries:
#  Implicit rule search has not been done.
#  Modification time never checked.
#  File has not been updated.

# Not a target:
Makefile:
#  Implicit rule search has not been done.
#  Modification time never checked.
#  File has not been updated.

# Not a target:
size-symbols:
#  Implicit rule search has not been done.
#  Modification time never checked.
#  File has not been updated.

# Not a target:
list-components:
#  Implicit rule search has not been done.
#  Modification time never checked.
#  File has not been updated.

# Not a target:
size:
#  Implicit rule search has not been done.
#  Modification time never checked.
#  File has not been updated.

# Not a target:
clean:
#  Implicit rule search has not been done.
#  Modification time never checked.
#  File has not been updated.

# Not a target:
defconfig:
#  Implicit rule search has not been done.
#  Modification time never checked.
#  File has not been updated.

# Not a target:
size-files:
#  Implicit rule search has not been done.
#  Modification time never checked.
#  File has not been updated.

# Not a target:
menuconfig:
#  Implicit rule search has not been done.
#  Modification time never checked.
#  File has not been updated.

# Not a target:
.DEFAULT:
#  Implicit rule search has not been done.
#  Modification time never checked.
#  File has not been updated.

all: all_binaries | check_python_dependencies
#  Command line target.
#  Implicit rule search has not been done.
#  Modification time never checked.
#  File has not been updated.

# Not a target:
size-components:
#  Implicit rule search has not been done.
#  Modification time never checked.
#  File has not been updated.

help:
#  Implicit rule search has not been done.
#  Modification time never checked.
#  File has not been updated.
#  recipe to execute (from 'C:\Users\Aaron\esp\esp-idf/make/project.mk', line 25):
	@echo "Welcome to Espressif IDF build system. Some useful make targets:"
	@echo ""
	@echo "make menuconfig - Configure IDF project"
	@echo "make defconfig - Set defaults for all new configuration options"
	@echo ""
	@echo "make all - Build app, bootloader, partition table"
	@echo "make flash - Flash app, bootloader, partition table to a chip"
	@echo "make clean - Remove all build output"
	@echo "make size - Display the static memory footprint of the app"
	@echo "make size-components, size-files - Finer-grained memory footprints"
	@echo "make size-symbols - Per symbol memory footprint. Requires COMPONENT=<component>"
	@echo "make erase_flash - Erase entire flash contents"
	@echo "make erase_otadata - Erase ota_data partition; First bootable partition (factory or OTAx) will be used on next boot."
	@echo "                     This assumes this project's partition table is the one flashed on the device."
	@echo "make monitor - Run idf_monitor tool to monitor serial output from app"
	@echo "make simple_monitor - Monitor serial output on terminal console"
	@echo "make list-components - List all components in the project"
	@echo ""
	@echo "make app - Build just the app"
	@echo "make app-flash - Flash just the app"
	@echo "make app-clean - Clean just the app"
	@echo "make print_flash_cmd - Print the arguments for esptool when flash"
	@echo "make check_python_dependencies - Check that the required python packages are installed"
	@echo ""
	@echo "See also 'make bootloader', 'make bootloader-flash', 'make bootloader-clean', "
	@echo "'make partition_table', etc, etc."

# Not a target:
check-submodules:
#  Implicit rule search has not been done.
#  Modification time never checked.
#  File has not been updated.

# Not a target:
build:
#  Implicit rule search has not been done.
#  Modification time never checked.
#  File has not been updated.

# Not a target:
check_python_dependencies:
#  Implicit rule search has not been done.
#  Modification time never checked.
#  File has not been updated.

# Not a target:
C:\Users\Aaron\esp\esp-idf/make/project.mk:
#  Implicit rule search has not been done.
#  Modification time never checked.
#  File has not been updated.

.PHONY: build-components menuconfig defconfig all build clean all_binaries check-submodules size size-components size-files size-symbols list-components
#  Implicit rule search has not been done.
#  Modification time never checked.
#  File has not been updated.

# files hash-table stats:
# Load=20/1024=2%, Rehash=0, Collisions=0/38=0%
# VPATH Search Paths

# No 'vpath' search paths.

# No general ('VPATH' variable) search path.

# strcache buffers: 1 (0) / strings = 32 / storage = 356 B / avg = 11 B
# current buf: size = 8174 B / used = 356 B / count = 32 / avg = 11 B

# strcache performance: lookups = 44 / hit rate = 27%
# hash-table stats:
# Load=32/8192=0%, Rehash=0, Collisions=0/44=0%
# Finished Make data base on Fri May 13 16:23:14 2022

 
